This file contains any messages produced by compilers while
running configure, to aid debugging if configure makes a mistake.

It was created by parallel configure 20241222, which was
generated by GNU Autoconf 2.71.  Invocation command line was

  $ ./configure --prefix=/home/users/hcdai/AI-peptide/ChaiRosettaScore_par/parallel/install

## --------- ##
## Platform. ##
## --------- ##

hostname = head1
uname -m = x86_64
uname -r = 4.18.0-372.9.1.el8.x86_64
uname -s = Linux
uname -v = #1 SMP Tue May 10 14:48:47 UTC 2022

/usr/bin/uname -p = x86_64
/bin/uname -X     = unknown

/bin/arch              = x86_64
/usr/bin/arch -k       = unknown
/usr/convex/getsysinfo = unknown
/usr/bin/hostinfo      = unknown
/bin/machine           = unknown
/usr/bin/oslevel       = unknown
/bin/universe          = unknown

PATH: /opt/simplehpc/scm/bin/
PATH: /home/users/hcdai/.vscode-server/cli/servers/Stable-fabdb6a30b49f79a7aba0f2ad9df9b399473380f/server/bin/remote-cli/
PATH: /opt/simplehpc/scm/bin/
PATH: /opt/simplehpc/scm/bin/
PATH: /home/users/hcdai/miniconda3/envs/Chai-1/bin/
PATH: /home/users/hcdai/miniconda3/condabin/
PATH: /opt/simplehpc/scm/bin/
PATH: /usr/share/Modules/bin/
PATH: /usr/bin/
PATH: /bin/
PATH: /usr/sbin/
PATH: /sbin/
PATH: /home/users/hcdai/AI-peptide/rosetta_interface_analysis/rosetta.binary.ubuntu.release-371/main/source/bin/
PATH: /usr/local/sbin/
PATH: /home/users/hcdai/AI-peptide/rosetta_interface_analysis/rosetta.binary.ubuntu.release-371/main/source/bin/


## ----------- ##
## Core tests. ##
## ----------- ##

configure:1715: looking for aux files: missing install-sh
configure:1728:  trying ./
configure:1757:   ./missing found
configure:1739:   ./install-sh found
configure:1886: checking for a BSD-compatible install
configure:1959: result: /usr/bin/install -c
configure:1970: checking whether build environment is sane
configure:2025: result: yes
configure:2184: checking for a race-free mkdir -p
configure:2228: result: /usr/bin/mkdir -p
configure:2235: checking for gawk
configure:2256: found /usr/bin/gawk
configure:2267: result: gawk
configure:2278: checking whether make sets $(MAKE)
configure:2301: result: yes
configure:2331: checking whether make supports nested variables
configure:2349: result: yes
configure:2506: checking whether ln -s works
configure:2510: result: yes
configure:2626: checking that generated files are newer than configure
configure:2632: result: done
configure:2644: creating ./config.status

## ---------------------- ##
## Running config.status. ##
## ---------------------- ##

This file was extended by parallel config.status 20241222, which was
generated by GNU Autoconf 2.71.  Invocation command line was

  CONFIG_FILES    = 
  CONFIG_HEADERS  = 
  CONFIG_LINKS    = 
  CONFIG_COMMANDS = 
  $ ./config.status 

on head1

config.status:810: creating Makefile
config.status:810: creating src/Makefile
config.status:810: creating config.h

## ---------------- ##
## Cache variables. ##
## ---------------- ##

ac_cv_env_build_alias_set=
ac_cv_env_build_alias_value=
ac_cv_env_host_alias_set=
ac_cv_env_host_alias_value=
ac_cv_env_target_alias_set=
ac_cv_env_target_alias_value=
ac_cv_path_install='/usr/bin/install -c'
ac_cv_path_mkdir=/usr/bin/mkdir
ac_cv_prog_AWK=gawk
ac_cv_prog_make_make_set=yes
am_cv_make_support_nested_variables=yes

## ----------------- ##
## Output variables. ##
## ----------------- ##

ACLOCAL='${SHELL} '\''/home/users/hcdai/AI-peptide/ChaiRosettaScore_par/parallel/parallel-20241222/missing'\'' aclocal-1.16'
AMTAR='$${TAR-tar}'
AM_BACKSLASH='\'
AM_DEFAULT_V='$(AM_DEFAULT_VERBOSITY)'
AM_DEFAULT_VERBOSITY='1'
AM_V='$(V)'
AUTOCONF='${SHELL} '\''/home/users/hcdai/AI-peptide/ChaiRosettaScore_par/parallel/parallel-20241222/missing'\'' autoconf'
AUTOHEADER='${SHELL} '\''/home/users/hcdai/AI-peptide/ChaiRosettaScore_par/parallel/parallel-20241222/missing'\'' autoheader'
AUTOMAKE='${SHELL} '\''/home/users/hcdai/AI-peptide/ChaiRosettaScore_par/parallel/parallel-20241222/missing'\'' automake-1.16'
AWK='gawk'
CSCOPE='cscope'
CTAGS='ctags'
CYGPATH_W='echo'
DEFS='-DHAVE_CONFIG_H'
DOCUMENTATION_FALSE='#'
DOCUMENTATION_TRUE=''
ECHO_C=''
ECHO_N='-n'
ECHO_T=''
ETAGS='etags'
INSTALL_DATA='${INSTALL} -m 644'
INSTALL_PROGRAM='${INSTALL}'
INSTALL_SCRIPT='${INSTALL}'
INSTALL_STRIP_PROGRAM='$(install_sh) -c -s'
LIBOBJS=''
LIBS=''
LN_S='ln -s'
LTLIBOBJS=''
MAKEINFO='${SHELL} '\''/home/users/hcdai/AI-peptide/ChaiRosettaScore_par/parallel/parallel-20241222/missing'\'' makeinfo'
MKDIR_P='/usr/bin/mkdir -p'
PACKAGE='parallel'
PACKAGE_BUGREPORT='bug-parallel@gnu.org'
PACKAGE_NAME='parallel'
PACKAGE_STRING='parallel 20241222'
PACKAGE_TARNAME='parallel'
PACKAGE_URL=''
PACKAGE_VERSION='20241222'
PATH_SEPARATOR=':'
SET_MAKE=''
SHELL='/bin/sh'
STRIP=''
VERSION='20241222'
am__isrc=''
am__leading_dot='.'
am__tar='$${TAR-tar} chof - "$$tardir"'
am__untar='$${TAR-tar} xf -'
bindir='${exec_prefix}/bin'
build_alias=''
datadir='${datarootdir}'
datarootdir='${prefix}/share'
docdir='${datarootdir}/doc/${PACKAGE_TARNAME}'
dvidir='${docdir}'
exec_prefix='${prefix}'
host_alias=''
htmldir='${docdir}'
includedir='${prefix}/include'
infodir='${datarootdir}/info'
install_sh='${SHELL} /home/users/hcdai/AI-peptide/ChaiRosettaScore_par/parallel/parallel-20241222/install-sh'
libdir='${exec_prefix}/lib'
libexecdir='${exec_prefix}/libexec'
localedir='${datarootdir}/locale'
localstatedir='${prefix}/var'
mandir='${datarootdir}/man'
mkdir_p='$(MKDIR_P)'
oldincludedir='/usr/include'
pdfdir='${docdir}'
prefix='/home/users/hcdai/AI-peptide/ChaiRosettaScore_par/parallel/install'
program_transform_name='s,x,x,'
psdir='${docdir}'
runstatedir='${localstatedir}/run'
sbindir='${exec_prefix}/sbin'
sharedstatedir='${prefix}/com'
sysconfdir='${prefix}/etc'
target_alias=''

## ----------- ##
## confdefs.h. ##
## ----------- ##

/* confdefs.h */
#define PACKAGE_NAME "parallel"
#define PACKAGE_TARNAME "parallel"
#define PACKAGE_VERSION "20241222"
#define PACKAGE_STRING "parallel 20241222"
#define PACKAGE_BUGREPORT "bug-parallel@gnu.org"
#define PACKAGE_URL ""
#define PACKAGE "parallel"
#define VERSION "20241222"

configure: exit 0
